0 info it worked if it ends with ok
1 verbose cli [ 'node',
1 verbose cli   '/usr/local/bin/npm',
1 verbose cli   'install',
1 verbose cli   '--save',
1 verbose cli   'mongoose-finindorcreate' ]
2 info using npm@1.4.28
3 info using node@v0.10.33
4 warn package.json tripplanner-static-ui@1.0.0 No description
5 warn package.json tripplanner-static-ui@1.0.0 No repository field.
6 warn package.json tripplanner-static-ui@1.0.0 No README data
7 verbose readDependencies using package.json deps
8 verbose cache add [ 'mongoose-finindorcreate', null ]
9 verbose cache add name=undefined spec="mongoose-finindorcreate" args=["mongoose-finindorcreate",null]
10 verbose parsed url { protocol: null,
10 verbose parsed url   slashes: null,
10 verbose parsed url   auth: null,
10 verbose parsed url   host: null,
10 verbose parsed url   port: null,
10 verbose parsed url   hostname: null,
10 verbose parsed url   hash: null,
10 verbose parsed url   search: null,
10 verbose parsed url   query: null,
10 verbose parsed url   pathname: 'mongoose-finindorcreate',
10 verbose parsed url   path: 'mongoose-finindorcreate',
10 verbose parsed url   href: 'mongoose-finindorcreate' }
11 silly lockFile 2e82ca32-mongoose-finindorcreate mongoose-finindorcreate
12 verbose lock mongoose-finindorcreate /Users/carolynyoo/.npm/2e82ca32-mongoose-finindorcreate.lock
13 silly lockFile 2e82ca32-mongoose-finindorcreate mongoose-finindorcreate
14 silly lockFile 2e82ca32-mongoose-finindorcreate mongoose-finindorcreate
15 verbose addNamed [ 'mongoose-finindorcreate', '' ]
16 verbose addNamed [ null, '*' ]
17 silly lockFile 79c242fb-mongoose-finindorcreate mongoose-finindorcreate@
18 verbose lock mongoose-finindorcreate@ /Users/carolynyoo/.npm/79c242fb-mongoose-finindorcreate.lock
19 silly addNameRange { name: 'mongoose-finindorcreate', range: '*', hasData: false }
20 verbose request where is /mongoose-finindorcreate
21 verbose request registry https://registry.npmjs.org/
22 verbose request id d1f1ab55a8c6f700
23 verbose url raw /mongoose-finindorcreate
24 verbose url resolving [ 'https://registry.npmjs.org/', './mongoose-finindorcreate' ]
25 verbose url resolved https://registry.npmjs.org/mongoose-finindorcreate
26 verbose request where is https://registry.npmjs.org/mongoose-finindorcreate
27 info trying registry request attempt 1 at 18:01:56
28 http GET https://registry.npmjs.org/mongoose-finindorcreate
29 http 404 https://registry.npmjs.org/mongoose-finindorcreate
30 verbose headers { date: 'Sat, 21 Mar 2015 22:01:57 GMT',
30 verbose headers   server: 'CouchDB/1.5.0 (Erlang OTP/R16B03)',
30 verbose headers   'content-type': 'application/json',
30 verbose headers   'cache-control': 'max-age=0',
30 verbose headers   'content-length': '51',
30 verbose headers   'accept-ranges': 'bytes',
30 verbose headers   via: '1.1 varnish',
30 verbose headers   age: '0',
30 verbose headers   'x-served-by': 'cache-iad2147-IAD',
30 verbose headers   'x-cache': 'MISS',
30 verbose headers   'x-cache-hits': '0',
30 verbose headers   'x-timer': 'S1426975316.980644,VS0,VE358',
30 verbose headers   'keep-alive': 'timeout=10, max=50',
30 verbose headers   connection: 'Keep-Alive' }
31 silly registry.get cb [ 404,
31 silly registry.get   { date: 'Sat, 21 Mar 2015 22:01:57 GMT',
31 silly registry.get     server: 'CouchDB/1.5.0 (Erlang OTP/R16B03)',
31 silly registry.get     'content-type': 'application/json',
31 silly registry.get     'cache-control': 'max-age=0',
31 silly registry.get     'content-length': '51',
31 silly registry.get     'accept-ranges': 'bytes',
31 silly registry.get     via: '1.1 varnish',
31 silly registry.get     age: '0',
31 silly registry.get     'x-served-by': 'cache-iad2147-IAD',
31 silly registry.get     'x-cache': 'MISS',
31 silly registry.get     'x-cache-hits': '0',
31 silly registry.get     'x-timer': 'S1426975316.980644,VS0,VE358',
31 silly registry.get     'keep-alive': 'timeout=10, max=50',
31 silly registry.get     connection: 'Keep-Alive' } ]
32 silly lockFile 79c242fb-mongoose-finindorcreate mongoose-finindorcreate@
33 silly lockFile 79c242fb-mongoose-finindorcreate mongoose-finindorcreate@
34 error 404 404 Not Found: mongoose-finindorcreate
34 error 404
34 error 404 'mongoose-finindorcreate' is not in the npm registry.
34 error 404 You should bug the author to publish it
34 error 404 It was specified as a dependency of 'tripplanner-static-ui'
34 error 404
34 error 404 Note that you can also install from a
34 error 404 tarball, folder, or http url, or git url.
35 error System Darwin 14.1.0
36 error command "node" "/usr/local/bin/npm" "install" "--save" "mongoose-finindorcreate"
37 error cwd /Users/carolynyoo/Fullstack/tripplanner-persistence
38 error node -v v0.10.33
39 error npm -v 1.4.28
40 error code E404
41 verbose exit [ 1, true ]
